{
  "RSpec": {
    "coverage": {
      "/home/ale/Ruby Projects/easybrokerweb/spec/requests/properties_spec.rb": {
        "lines": [
          1,
          1,
          null,
          1,
          1,
          1,
          1,
          1,
          null,
          null,
          null,
          1,
          1,
          1,
          null,
          1,
          null,
          1,
          null,
          1,
          null,
          1,
          null,
          null,
          null,
          1,
          1,
          1,
          null,
          1,
          null,
          1,
          null,
          1,
          null,
          1,
          null,
          null,
          null,
          1,
          1,
          null,
          1,
          null,
          null,
          null,
          null,
          null,
          null,
          1,
          null,
          null,
          1,
          null,
          null,
          null
        ]
      },
      "/home/ale/Ruby Projects/easybrokerweb/spec/rails_helper.rb": {
        "lines": [
          null,
          1,
          1,
          1,
          null,
          1,
          1,
          null,
          null,
          null,
          null,
          null,
          null,
          null,
          null,
          null,
          null,
          null,
          null,
          null,
          null,
          null,
          null,
          null,
          null,
          null,
          null,
          1,
          null,
          0,
          0,
          null,
          1,
          null,
          1,
          null,
          null,
          null,
          null,
          1,
          null,
          null,
          null,
          null,
          null,
          null,
          null,
          null,
          null,
          null,
          null,
          null,
          null,
          null,
          null,
          null,
          null,
          1,
          null,
          null,
          1,
          null,
          null,
          null
        ]
      },
      "/home/ale/Ruby Projects/easybrokerweb/config/environment.rb": {
        "lines": [
          null,
          1,
          null,
          null,
          1
        ]
      },
      "/home/ale/Ruby Projects/easybrokerweb/config/application.rb": {
        "lines": [
          1,
          null,
          1,
          null,
          null,
          null,
          1,
          null,
          1,
          1,
          null,
          1,
          null,
          null,
          null,
          null,
          null,
          null,
          null,
          null,
          null,
          null
        ]
      },
      "/home/ale/Ruby Projects/easybrokerweb/config/boot.rb": {
        "lines": [
          1,
          null,
          1,
          1
        ]
      },
      "/home/ale/Ruby Projects/easybrokerweb/config/spring.rb": {
        "lines": [
          1,
          null,
          null,
          null,
          null,
          null
        ]
      },
      "/home/ale/Ruby Projects/easybrokerweb/config/environments/test.rb": {
        "lines": [
          1,
          null,
          null,
          null,
          null,
          null,
          null,
          1,
          null,
          null,
          1,
          1,
          null,
          null,
          null,
          null,
          1,
          null,
          null,
          1,
          1,
          null,
          null,
          null,
          null,
          1,
          1,
          1,
          null,
          null,
          1,
          null,
          null,
          1,
          null,
          null,
          1,
          null,
          1,
          null,
          null,
          null,
          null,
          1,
          null,
          null,
          1,
          null,
          null,
          1,
          null,
          null,
          1,
          null,
          null,
          null,
          null,
          null,
          null,
          null
        ]
      },
      "/home/ale/Ruby Projects/easybrokerweb/config/initializers/application_controller_renderer.rb": {
        "lines": [
          null,
          null,
          null,
          null,
          null,
          null,
          null,
          null
        ]
      },
      "/home/ale/Ruby Projects/easybrokerweb/config/initializers/assets.rb": {
        "lines": [
          null,
          null,
          null,
          1,
          null,
          null,
          null,
          null,
          1,
          null,
          null,
          null,
          null,
          null
        ]
      },
      "/home/ale/Ruby Projects/easybrokerweb/config/initializers/backtrace_silencers.rb": {
        "lines": [
          null,
          null,
          null,
          null,
          null,
          null,
          null,
          1
        ]
      },
      "/home/ale/Ruby Projects/easybrokerweb/config/initializers/content_security_policy.rb": {
        "lines": [
          null,
          null,
          null,
          null,
          null,
          null,
          null,
          null,
          null,
          null,
          null,
          null,
          null,
          null,
          null,
          null,
          null,
          null,
          null,
          null,
          null,
          null,
          null,
          null,
          null,
          null,
          null,
          null,
          null,
          null
        ]
      },
      "/home/ale/Ruby Projects/easybrokerweb/config/initializers/cookies_serializer.rb": {
        "lines": [
          null,
          null,
          null,
          null,
          1
        ]
      },
      "/home/ale/Ruby Projects/easybrokerweb/config/initializers/filter_parameter_logging.rb": {
        "lines": [
          null,
          null,
          null,
          1,
          null,
          null
        ]
      },
      "/home/ale/Ruby Projects/easybrokerweb/config/initializers/inflections.rb": {
        "lines": [
          null,
          null,
          null,
          null,
          null,
          null,
          null,
          null,
          null,
          null,
          null,
          null,
          null,
          null,
          null,
          null
        ]
      },
      "/home/ale/Ruby Projects/easybrokerweb/config/initializers/json.rb": {
        "lines": [
          1,
          1,
          null,
          1,
          4,
          null,
          null
        ]
      },
      "/home/ale/Ruby Projects/easybrokerweb/config/initializers/mime_types.rb": {
        "lines": [
          null,
          null,
          null,
          null
        ]
      },
      "/home/ale/Ruby Projects/easybrokerweb/config/initializers/permissions_policy.rb": {
        "lines": [
          null,
          null,
          null,
          null,
          null,
          null,
          null,
          null,
          null,
          null,
          null
        ]
      },
      "/home/ale/Ruby Projects/easybrokerweb/config/initializers/wrap_parameters.rb": {
        "lines": [
          null,
          null,
          null,
          null,
          null,
          null,
          1,
          2,
          null,
          null,
          null,
          null,
          null,
          null
        ]
      },
      "/home/ale/Ruby Projects/easybrokerweb/config/routes.rb": {
        "lines": [
          1,
          null,
          1,
          1,
          1,
          null
        ]
      },
      "/home/ale/Ruby Projects/easybrokerweb/app/helpers/application_helper.rb": {
        "lines": [
          1,
          null
        ]
      },
      "/home/ale/Ruby Projects/easybrokerweb/app/variables.rb": {
        "lines": [
          1,
          null,
          1,
          null,
          null,
          null,
          null,
          1,
          null,
          null
        ]
      }
    },
    "timestamp": 1640104454
  }
}
